Client #1537939929327 connected
Client #1537939929327 has asked: Are you Yana?
Server answered to Client #1537939929327: 1
Client #1537939929327 has asked: Is your surname Dontsova?
Server answered to Client #1537939929327: 0
Client #1537939929327 has asked: Is you age is 21?
Server answered to Client #1537939929327: 1
Client #1537939929327 has asked: Have you any sisters?
Server answered to Client #1537939929327: 1
Client #1537939929327 disconnectedClient #1537939947399 connected
Client #1537939947399 has asked: Are you Yana?
Server answered to Client #1537939947399: 1
Client #1537939947399 has asked: Is your surname Dontsova?
Server answered to Client #1537939947399: 0
Client #1537939947399 has asked: Is you age is 21?
Server answered to Client #1537939947399: 1
Client #1537939947399 has asked: Have you any sisters?
Server answered to Client #1537939947399: 1
Client #1537939947399 disconnectedClient #1537939947406 connected
Client #1537939947406 has asked: Are you Yana?
Server answered to Client #1537939947406: 1
Client #1537939947406 has asked: Is your surname Dontsova?
Server answered to Client #1537939947406: 0
Client #1537939947406 has asked: Is you age is 21?
Server answered to Client #1537939947406: 0
Client #1537939947406 has asked: Have you any sisters?
Server answered to Client #1537939947406: 0
Client #1537939947406 disconnectedClient #1537939947420 connected
Client #1537939947420 has asked: Are you Yana?
Server answered to Client #1537939947420: 1
Client #1537939947420 has asked: Is your surname Dontsova?
Server answered to Client #1537939947420: 1
Client #1537939947420 has asked: Is you age is 21?
Server answered to Client #1537939947420: 0
Client #1537939947420 has asked: Have you any sisters?
Server answered to Client #1537939947420: 1
Client #1537939947420 disconnectedClient #1537939947425 connected
Client #1537939947425 has asked: Are you Yana?
Server answered to Client #1537939947425: 1
Client #1537939947425 has asked: Is your surname Dontsova?
Server answered to Client #1537939947425: 0
Client #1537939947425 has asked: Is you age is 21?
Server answered to Client #1537939947425: 0
Client #1537939947425 has asked: Have you any sisters?
Server answered to Client #1537939947425: 0
Client #1537939947425 disconnected